<?xml version="1.0" encoding="UTF-8" ?>
<testsuite errors="0" failures="0" hostname="LAPTOP-JSSNKNME" name="webLab3Tests" skipped="0" tests="12" time="0.451" timestamp="2024-05-03T07:46:46">
  <properties>
[...]
</properties>
  <testcase classname="webLab3Tests" name="checkFourthQuadrant" time="0.129" />
  <testcase classname="webLab3Tests" name="addPoint" time="0.02" />
  <testcase classname="webLab3Tests" name="testAxis" time="0.002" />
  <testcase classname="webLab3Tests" name="removePoints" time="0.0" />
  <testcase classname="webLab3Tests" name="checkThirdQuadrant" time="0.06" />
  <testcase classname="webLab3Tests" name="randomPoint" time="0.002" />
  <testcase classname="webLab3Tests" name="nullPointFields" time="0.0" />
  <testcase classname="webLab3Tests" name="getPoints" time="0.0" />
  <testcase classname="webLab3Tests" name="checkFirstQuadrant" time="0.051" />
  <testcase classname="webLab3Tests" name="checkValidPoint" time="0.001" />
  <testcase classname="webLab3Tests" name="checkPointCreating" time="0.001" />
  <testcase classname="webLab3Tests" name="checkSecondQuadrant" time="0.058" />
  <system-out><![CDATA[]]></system-out>
  <system-err><![CDATA[]]></system-err>
</testsuite>
